2015-05-08 16:05:28,547: Connecting to MGui_to_M...
2015-05-08 16:05:28,640: Connecting to MGui_to_DS...
2015-05-08 16:12:37,576: Connecting to R_to_DS...
2015-05-08 16:33:54,244: Connecting to MGui_to_M...
2015-05-08 16:33:54,322: Connecting to MGui_to_DS...
2015-05-08 16:35:50,963: Closing MGui_to_M Connector
2015-05-08 16:35:50,963: Closing MGui_to_DS Connector
2015-05-08 16:35:50,963: Connecting to MGui_to_M...
2015-05-08 16:35:51,041: Connecting to MGui_to_DS...
2015-05-08 16:36:03,604: Connecting to MGui_to_M...
2015-05-08 16:36:03,698: Connecting to MGui_to_DS...
2015-05-08 16:40:06,210: Connecting to R_to_DS...
2015-05-08 16:40:06,288: Closing R_to_DS Connector
2015-05-08 16:40:41,632: Connecting to R_to_DS...
2015-05-08 16:46:53,363: Connecting to MGui_to_M...
2015-05-08 16:46:53,457: Connecting to MGui_to_DS...
2015-05-08 16:47:50,518: Connecting to MGui_to_M...
2015-05-08 16:47:50,596: Connecting to MGui_to_DS...
2015-05-08 16:48:49,624: Connecting to R_to_DS...
2015-05-08 16:50:30,992: Connecting to MGui_to_M...
2015-05-08 16:50:31,085: Connecting to MGui_to_DS...
2015-05-08 16:51:43,092: Closing MGui_to_M Connector
2015-05-08 16:51:53,780: Closing MGui_to_M Connector
2015-05-08 16:51:53,780: Closing MGui_to_DS Connector
2015-05-08 16:51:53,780: Connecting to MGui_to_M...
2015-05-08 16:51:53,858: Closing MGui_to_M Connector
2015-05-08 16:51:54,858: Connecting to MGui_to_DS...
2015-05-08 16:52:01,640: Connecting to MGui_to_M...
2015-05-08 16:52:01,702: Closing MGui_to_M Connector
2015-05-08 16:52:02,718: Connecting to MGui_to_DS...
2015-05-08 16:52:13,516: Connecting to MGui_to_M...
2015-05-08 16:52:13,594: Connecting to MGui_to_DS...
2015-05-08 16:58:08,225: Closing MGui_to_M Connector
2015-05-08 16:58:17,960: Closing MGui_to_M Connector
2015-05-08 16:58:17,976: Closing MGui_to_DS Connector
2015-05-08 16:58:17,976: Connecting to MGui_to_M...
2015-05-08 16:58:18,039: Connecting to MGui_to_DS...
2015-05-08 16:59:47,308: Closing MGui_to_M Connector
2015-05-08 16:59:58,200: Closing MGui_to_M Connector
2015-05-08 16:59:58,200: Closing MGui_to_DS Connector
2015-05-08 16:59:58,200: Connecting to MGui_to_M...
2015-05-08 16:59:58,278: Connecting to MGui_to_DS...
2015-05-08 17:01:35,239: Closing MGui_to_M Connector
2015-05-08 17:01:44,599: Closing MGui_to_M Connector
2015-05-08 17:01:44,615: Closing MGui_to_DS Connector
2015-05-08 17:01:44,615: Connecting to MGui_to_M...
2015-05-08 17:01:44,693: Connecting to MGui_to_DS...
2015-05-08 17:09:58,205: Closing MGui_to_M Connector
2015-05-08 17:10:14,659: Closing MGui_to_M Connector
2015-05-08 17:10:14,659: Closing MGui_to_DS Connector
2015-05-08 17:10:14,659: Connecting to MGui_to_M...
2015-05-08 17:10:14,737: Connecting to MGui_to_DS...
2015-05-08 17:34:45,020: Connecting to MGui_to_M...
2015-05-08 17:34:45,129: Connecting to MGui_to_DS...
2015-05-08 17:36:00,198: Connecting to MGui_to_M...
2015-05-08 17:36:00,276: Connecting to MGui_to_DS...
2015-05-08 17:42:36,059: Connecting to MGui_to_M...
2015-05-08 17:42:36,168: Connecting to MGui_to_DS...
2015-05-08 18:05:50,587: Connecting to MGui_to_M...
2015-05-08 18:05:50,665: Connecting to MGui_to_DS...
2015-05-08 18:09:02,318: Connecting to MGui_to_M...
2015-05-08 18:09:02,396: Connecting to MGui_to_DS...
2015-05-08 18:09:13,100: Closing MGui_to_M Connector
2015-05-08 18:11:14,543: Connecting to MGui_to_M...
2015-05-08 18:11:14,621: Connecting to MGui_to_DS...
2015-05-08 18:12:14,999: Closing MGui_to_M Connector
2015-05-08 18:12:47,653: Connecting to MGui_to_M...
2015-05-08 18:12:47,731: Connecting to MGui_to_DS...
2015-05-08 18:12:49,731: Closing MGui_to_M Connector
2015-05-08 18:13:50,548: Closing MGui_to_M Connector
2015-05-08 18:13:50,548: Closing MGui_to_DS Connector
2015-05-08 18:13:50,548: Connecting to MGui_to_M...
2015-05-08 18:13:50,642: Connecting to MGui_to_DS...
2015-05-08 18:13:53,814: Closing MGui_to_M Connector
2015-05-08 18:14:28,740: Connecting to MGui_to_M...
2015-05-08 18:14:28,818: Connecting to MGui_to_DS...
2015-05-08 18:14:33,834: Closing MGui_to_M Connector
2015-05-08 18:15:25,029: Closing MGui_to_M Connector
2015-05-08 18:15:25,029: Closing MGui_to_DS Connector
2015-05-08 18:15:25,029: Connecting to MGui_to_M...
2015-05-08 18:15:25,091: Connecting to MGui_to_DS...
2015-05-08 18:15:27,123: Closing MGui_to_M Connector
2015-05-08 18:17:13,741: Closing MGui_to_M Connector
2015-05-08 18:17:13,741: Closing MGui_to_DS Connector
2015-05-08 18:17:13,757: Connecting to MGui_to_M...
2015-05-08 18:17:13,819: Connecting to MGui_to_DS...
2015-05-08 18:17:15,288: Closing MGui_to_M Connector
2015-05-08 18:19:23,379: Connecting to MGui_to_M...
2015-05-08 18:19:23,457: Connecting to MGui_to_DS...
2015-05-08 18:19:25,410: Closing MGui_to_M Connector
2015-05-08 18:19:57,855: Connecting to MGui_to_M...
2015-05-08 18:19:57,933: Connecting to MGui_to_DS...
2015-05-08 18:19:59,699: Closing MGui_to_M Connector
2015-05-08 18:20:51,797: Connecting to MGui_to_M...
2015-05-08 18:20:51,875: Connecting to MGui_to_DS...
2015-05-08 18:21:00,785: Closing MGui_to_M Connector
2015-05-08 18:21:55,961: Closing MGui_to_M Connector
2015-05-08 18:21:55,961: Closing MGui_to_DS Connector
2015-05-08 18:21:55,977: Connecting to MGui_to_M...
2015-05-08 18:21:56,055: Connecting to MGui_to_DS...
2015-05-08 18:22:26,286: Closing MGui_to_M Connector
2015-05-08 18:23:04,623: Connecting to MGui_to_M...
2015-05-08 18:23:04,795: Connecting to MGui_to_DS...
2015-05-08 18:23:18,942: Connecting to MGui_to_M...
2015-05-08 18:23:19,020: Connecting to MGui_to_DS...
2015-05-08 18:30:08,977: Connecting to MGui_to_M...
2015-05-08 18:30:09,055: Connecting to MGui_to_DS...
2015-05-08 18:30:14,446: Closing MGui_to_M Connector
2015-05-08 18:31:14,720: Connecting to MGui_to_M...
2015-05-08 18:31:14,798: Connecting to MGui_to_DS...
2015-05-08 18:31:17,907: Closing MGui_to_M Connector
2015-05-08 18:32:00,799: Connecting to MGui_to_M...
2015-05-08 18:32:00,877: Connecting to MGui_to_DS...
2015-05-08 18:32:02,424: Closing MGui_to_M Connector
2015-05-08 18:32:34,003: Connecting to MGui_to_M...
2015-05-08 18:32:34,081: Connecting to MGui_to_DS...
2015-05-08 18:32:37,066: Closing MGui_to_M Connector
2015-05-08 18:34:19,896: Connecting to MGui_to_M...
2015-05-08 18:34:19,974: Connecting to MGui_to_DS...
2015-05-08 18:34:21,427: Closing MGui_to_M Connector
2015-05-08 18:35:20,414: Connecting to MGui_to_M...
2015-05-08 18:35:20,492: Connecting to MGui_to_DS...
2015-05-08 18:35:39,900: Closing MGui_to_M Connector
2015-05-08 18:36:02,791: Connecting to MGui_to_M...
2015-05-08 18:36:02,870: Connecting to MGui_to_DS...
2015-05-08 18:36:05,885: Closing MGui_to_M Connector
2015-05-08 18:37:03,905: Connecting to MGui_to_M...
2015-05-08 18:37:03,983: Connecting to MGui_to_DS...
2015-05-08 18:37:14,749: Connecting to MGui_to_M...
2015-05-08 18:37:14,812: Connecting to MGui_to_DS...
2015-05-08 18:37:34,300: Connecting to MGui_to_M...
2015-05-08 18:37:34,378: Connecting to MGui_to_DS...
2015-05-08 18:42:19,023: Connecting to MGui_to_M...
2015-05-08 18:42:19,116: Connecting to MGui_to_DS...
2015-05-08 18:42:20,585: Closing MGui_to_M Connector
2015-05-08 18:42:58,134: Connecting to MGui_to_M...
2015-05-08 18:42:58,213: Connecting to MGui_to_DS...
2015-05-08 20:49:32,705: Closing MGui_to_M Connector
2015-05-08 20:49:57,318: Connecting to MGui_to_M...
2015-05-08 20:49:57,412: Connecting to MGui_to_DS...
2015-05-08 20:50:26,369: Connecting to MGui_to_M...
2015-05-08 20:50:26,447: Connecting to MGui_to_DS...
2015-05-08 20:50:42,928: Connecting to MGui_to_M...
2015-05-08 20:50:42,990: Connecting to MGui_to_DS...
2015-05-08 20:51:04,573: Closing MGui_to_M Connector
2015-05-08 20:51:15,980: Connecting to MGui_to_M...
2015-05-08 20:51:16,058: Connecting to MGui_to_DS...
2015-05-08 20:59:54,840: Connecting to R_to_DS...
2015-05-08 21:01:02,265: Closing MGui_to_M Connector
2015-05-08 21:01:28,735: Connecting to MGui_to_M...
2015-05-08 21:01:28,829: Connecting to MGui_to_DS...
2015-05-08 21:02:07,144: Connecting to MGui_to_M...
2015-05-08 21:02:07,207: Connecting to MGui_to_DS...
2015-05-09 13:43:50,986: Closing MGui_to_DS Connector
2015-05-09 13:43:50,986: Closing R_to_DS Connector
2015-05-09 13:43:50,986: Closing R_to_DS Connector
2015-05-09 13:47:28,340: Connecting to R_to_DS...
2015-05-09 13:47:49,844: Connecting to R_to_DS...
2015-05-09 13:47:49,906: Closing R_to_DS Connector
2015-05-09 13:47:49,906: Closing R_to_DS Connector
2015-05-09 13:47:49,906: Closing R_to_DS Connector
2015-05-09 13:47:49,906: Closing R_to_DS Connector
2015-05-09 13:47:49,906: Closing R_to_DS Connector
2015-05-09 13:47:49,906: Closing R_to_DS Connector
2015-05-09 13:47:49,906: Closing R_to_DS Connector
2015-05-09 13:47:49,906: Closing R_to_DS Connector
2015-05-09 13:47:49,922: Closing R_to_DS Connector
2015-05-09 13:47:49,922: Closing R_to_DS Connector
2015-05-09 13:47:49,922: Closing R_to_DS Connector
2015-05-09 13:47:49,922: Closing R_to_DS Connector
2015-05-09 13:47:49,922: Closing R_to_DS Connector
2015-05-09 13:47:49,922: Closing R_to_DS Connector
2015-05-09 13:47:49,922: Closing R_to_DS Connector
2015-05-09 13:47:49,922: Closing R_to_DS Connector
2015-05-09 13:47:49,922: Closing R_to_DS Connector
2015-05-09 13:47:49,937: Closing R_to_DS Connector
2015-05-09 13:47:49,937: Closing R_to_DS Connector
2015-05-09 13:47:49,937: Closing R_to_DS Connector
2015-05-09 13:47:49,937: Closing R_to_DS Connector
2015-05-09 13:47:49,937: Closing R_to_DS Connector
2015-05-09 13:47:49,937: Closing R_to_DS Connector
2015-05-09 13:47:49,937: Closing R_to_DS Connector
2015-05-09 13:47:49,937: Closing R_to_DS Connector
2015-05-09 13:47:49,937: Closing R_to_DS Connector
2015-05-09 13:47:49,953: Closing R_to_DS Connector
2015-05-09 13:47:49,953: Closing R_to_DS Connector
2015-05-09 13:47:49,953: Closing R_to_DS Connector
2015-05-09 13:47:49,953: Closing R_to_DS Connector
2015-05-09 13:47:49,953: Closing R_to_DS Connector
2015-05-09 13:47:49,953: Closing R_to_DS Connector
2015-05-09 13:47:49,953: Closing R_to_DS Connector
2015-05-09 13:47:49,953: Closing R_to_DS Connector
2015-05-09 13:47:49,953: Closing R_to_DS Connector
2015-05-09 13:47:49,969: Closing R_to_DS Connector
2015-05-09 13:47:49,969: Closing R_to_DS Connector
2015-05-09 13:47:49,969: Closing R_to_DS Connector
2015-05-09 13:47:49,969: Closing R_to_DS Connector
2015-05-09 13:47:49,969: Closing R_to_DS Connector
2015-05-09 13:47:49,969: Closing R_to_DS Connector
2015-05-09 13:47:49,969: Closing R_to_DS Connector
2015-05-09 13:47:49,969: Closing R_to_DS Connector
2015-05-09 13:47:49,969: Closing R_to_DS Connector
2015-05-09 13:47:49,984: Closing R_to_DS Connector
2015-05-09 13:47:49,984: Closing R_to_DS Connector
2015-05-09 13:47:49,984: Closing R_to_DS Connector
2015-05-09 13:47:49,984: Closing R_to_DS Connector
2015-05-09 13:47:49,984: Closing R_to_DS Connector
2015-05-09 13:47:49,984: Closing R_to_DS Connector
2015-05-09 13:47:49,984: Closing R_to_DS Connector
2015-05-09 13:47:49,984: Closing R_to_DS Connector
2015-05-09 13:47:49,984: Closing R_to_DS Connector
2015-05-09 13:47:50,000: Closing R_to_DS Connector
2015-05-09 13:47:50,000: Closing R_to_DS Connector
2015-05-09 13:47:50,000: Closing R_to_DS Connector
2015-05-09 13:47:50,000: Closing R_to_DS Connector
2015-05-09 13:47:50,000: Closing R_to_DS Connector
2015-05-09 13:47:50,000: Closing R_to_DS Connector
2015-05-09 13:47:50,000: Closing R_to_DS Connector
2015-05-09 13:47:50,000: Closing R_to_DS Connector
2015-05-09 13:47:50,000: Closing R_to_DS Connector
2015-05-09 13:47:50,016: Closing R_to_DS Connector
2015-05-09 13:47:50,016: Closing R_to_DS Connector
2015-05-09 13:47:50,016: Closing R_to_DS Connector
2015-05-09 13:47:50,016: Closing R_to_DS Connector
2015-05-09 13:47:50,016: Closing R_to_DS Connector
2015-05-09 13:47:50,016: Closing R_to_DS Connector
2015-05-09 13:47:50,016: Closing R_to_DS Connector
2015-05-09 13:47:50,016: Closing R_to_DS Connector
2015-05-09 13:47:50,016: Closing R_to_DS Connector
2015-05-09 13:47:50,031: Closing R_to_DS Connector
2015-05-09 13:47:50,031: Closing R_to_DS Connector
2015-05-09 13:47:50,031: Closing R_to_DS Connector
2015-05-09 13:47:50,031: Closing R_to_DS Connector
2015-05-09 13:47:50,031: Closing R_to_DS Connector
2015-05-09 13:47:50,031: Closing R_to_DS Connector
2015-05-09 13:47:50,031: Closing R_to_DS Connector
2015-05-09 13:47:50,031: Closing R_to_DS Connector
2015-05-09 13:47:50,031: Closing R_to_DS Connector
2015-05-09 13:47:50,047: Closing R_to_DS Connector
2015-05-09 13:47:50,047: Closing R_to_DS Connector
2015-05-09 13:47:50,047: Closing R_to_DS Connector
2015-05-09 13:47:50,047: Closing R_to_DS Connector
2015-05-09 13:47:50,047: Closing R_to_DS Connector
2015-05-09 13:47:50,047: Closing R_to_DS Connector
2015-05-09 13:47:50,047: Closing R_to_DS Connector
2015-05-09 13:47:50,047: Closing R_to_DS Connector
2015-05-09 13:47:50,047: Closing R_to_DS Connector
2015-05-09 13:47:50,062: Closing R_to_DS Connector
2015-05-09 13:47:50,062: Closing R_to_DS Connector
2015-05-09 13:47:50,062: Closing R_to_DS Connector
2015-05-09 13:47:50,062: Closing R_to_DS Connector
2015-05-09 13:47:50,062: Closing R_to_DS Connector
2015-05-09 13:47:50,078: Closing R_to_DS Connector
2015-05-09 13:47:50,078: Closing R_to_DS Connector
2015-05-09 13:47:50,078: Closing R_to_DS Connector
2015-05-09 13:47:50,078: Closing R_to_DS Connector
2015-05-09 13:47:50,078: Closing R_to_DS Connector
2015-05-09 13:47:50,078: Closing R_to_DS Connector
2015-05-09 13:47:50,078: Closing R_to_DS Connector
2015-05-09 13:47:50,078: Closing R_to_DS Connector
2015-05-09 13:47:50,094: Closing R_to_DS Connector
2015-05-09 13:47:50,094: Closing R_to_DS Connector
2015-05-09 13:47:50,094: Closing R_to_DS Connector
2015-05-09 13:47:50,094: Closing R_to_DS Connector
2015-05-09 13:47:50,094: Closing R_to_DS Connector
2015-05-09 13:47:50,094: Closing R_to_DS Connector
2015-05-09 13:47:50,094: Closing R_to_DS Connector
2015-05-09 13:47:50,094: Closing R_to_DS Connector
2015-05-09 13:47:50,094: Closing R_to_DS Connector
2015-05-09 13:47:50,109: Closing R_to_DS Connector
2015-05-09 13:47:50,109: Closing R_to_DS Connector
2015-05-09 13:47:50,109: Closing R_to_DS Connector
2015-05-09 13:47:50,109: Closing R_to_DS Connector
2015-05-09 13:47:50,109: Closing R_to_DS Connector
2015-05-09 13:47:50,109: Closing R_to_DS Connector
2015-05-09 13:47:50,109: Closing R_to_DS Connector
2015-05-09 13:47:50,109: Closing R_to_DS Connector
2015-05-09 13:47:50,125: Closing R_to_DS Connector
2015-05-09 13:47:50,125: Closing R_to_DS Connector
2015-05-09 13:47:50,125: Closing R_to_DS Connector
2015-05-09 13:47:50,125: Closing R_to_DS Connector
2015-05-09 13:47:50,125: Closing R_to_DS Connector
2015-05-09 13:47:50,125: Closing R_to_DS Connector
2015-05-09 13:47:50,125: Closing R_to_DS Connector
2015-05-09 13:47:50,125: Closing R_to_DS Connector
2015-05-09 13:47:50,125: Closing R_to_DS Connector
2015-05-09 13:47:50,141: Closing R_to_DS Connector
2015-05-09 13:47:50,141: Closing R_to_DS Connector
2015-05-09 13:47:50,141: Closing R_to_DS Connector
2015-05-09 13:47:50,141: Closing R_to_DS Connector
2015-05-09 13:47:50,141: Closing R_to_DS Connector
2015-05-09 13:47:50,141: Closing R_to_DS Connector
2015-05-09 13:47:50,141: Closing R_to_DS Connector
2015-05-09 13:47:50,141: Closing R_to_DS Connector
2015-05-09 13:47:50,156: Closing R_to_DS Connector
2015-05-09 13:47:50,156: Closing R_to_DS Connector
2015-05-09 13:47:50,156: Closing R_to_DS Connector
2015-05-09 13:47:50,156: Closing R_to_DS Connector
2015-05-09 13:47:50,156: Closing R_to_DS Connector
2015-05-09 13:47:50,156: Closing R_to_DS Connector
2015-05-09 13:47:50,156: Closing R_to_DS Connector
2015-05-09 13:47:50,156: Closing R_to_DS Connector
2015-05-09 13:47:50,156: Closing R_to_DS Connector
2015-05-09 13:47:50,172: Closing R_to_DS Connector
2015-05-09 13:47:50,172: Closing R_to_DS Connector
2015-05-09 13:47:50,172: Closing R_to_DS Connector
2015-05-09 13:47:50,172: Closing R_to_DS Connector
2015-05-09 13:47:50,172: Closing R_to_DS Connector
2015-05-09 13:47:50,172: Closing R_to_DS Connector
2015-05-09 13:47:50,187: Closing R_to_DS Connector
2015-05-09 13:47:50,187: Closing R_to_DS Connector
2015-05-09 13:47:50,187: Closing R_to_DS Connector
2015-05-09 13:47:50,187: Closing R_to_DS Connector
2015-05-09 13:47:50,187: Closing R_to_DS Connector
2015-05-09 13:47:50,187: Closing R_to_DS Connector
2015-05-09 13:47:50,187: Closing R_to_DS Connector
2015-05-09 13:47:50,187: Closing R_to_DS Connector
2015-05-09 13:47:50,203: Closing R_to_DS Connector
2015-05-09 13:47:50,203: Closing R_to_DS Connector
2015-05-09 13:47:50,203: Closing R_to_DS Connector
2015-05-09 13:47:50,203: Closing R_to_DS Connector
2015-05-09 13:47:50,203: Closing R_to_DS Connector
2015-05-09 13:47:50,203: Closing R_to_DS Connector
2015-05-09 13:47:50,203: Closing R_to_DS Connector
2015-05-09 13:47:50,203: Closing R_to_DS Connector
2015-05-09 13:47:50,203: Closing R_to_DS Connector
2015-05-09 13:47:50,219: Closing R_to_DS Connector
2015-05-09 13:47:50,219: Closing R_to_DS Connector
2015-05-09 13:47:50,219: Closing R_to_DS Connector
2015-05-09 13:47:50,219: Closing R_to_DS Connector
2015-05-09 13:47:50,219: Closing R_to_DS Connector
2015-05-09 13:47:50,219: Closing R_to_DS Connector
2015-05-09 13:47:50,219: Closing R_to_DS Connector
2015-05-09 13:47:50,219: Closing R_to_DS Connector
2015-05-09 13:47:50,234: Closing R_to_DS Connector
2015-05-09 13:47:50,234: Closing R_to_DS Connector
2015-05-09 13:47:50,234: Closing R_to_DS Connector
2015-05-09 13:47:50,234: Closing R_to_DS Connector
2015-05-09 13:47:50,234: Closing R_to_DS Connector
2015-05-09 13:47:50,234: Closing R_to_DS Connector
2015-05-09 13:47:50,234: Closing R_to_DS Connector
2015-05-09 13:47:50,234: Closing R_to_DS Connector
2015-05-09 13:47:50,250: Closing R_to_DS Connector
2015-05-09 13:47:50,250: Closing R_to_DS Connector
2015-05-09 13:47:50,250: Closing R_to_DS Connector
2015-05-09 13:47:50,250: Closing R_to_DS Connector
2015-05-09 13:47:50,250: Closing R_to_DS Connector
2015-05-09 13:47:50,250: Closing R_to_DS Connector
2015-05-09 13:47:50,250: Closing R_to_DS Connector
2015-05-09 13:47:50,250: Closing R_to_DS Connector
2015-05-09 13:47:50,250: Closing R_to_DS Connector
2015-05-09 13:47:50,266: Closing R_to_DS Connector
2015-05-09 13:47:50,266: Closing R_to_DS Connector
2015-05-09 13:47:50,266: Closing R_to_DS Connector
2015-05-09 13:47:50,266: Closing R_to_DS Connector
2015-05-09 13:47:50,266: Closing R_to_DS Connector
2015-05-09 13:47:50,266: Closing R_to_DS Connector
2015-05-09 13:47:50,266: Closing R_to_DS Connector
2015-05-09 13:47:50,266: Closing R_to_DS Connector
2015-05-09 13:47:50,281: Closing R_to_DS Connector
2015-05-09 13:47:50,281: Closing R_to_DS Connector
2015-05-09 13:47:50,281: Closing R_to_DS Connector
2015-05-09 13:47:50,281: Closing R_to_DS Connector
2015-05-09 13:47:50,281: Closing R_to_DS Connector
2015-05-09 13:47:50,281: Closing R_to_DS Connector
2015-05-09 13:47:50,281: Closing R_to_DS Connector
2015-05-09 13:47:50,281: Closing R_to_DS Connector
2015-05-09 13:47:50,297: Closing R_to_DS Connector
2015-05-09 13:47:50,297: Closing R_to_DS Connector
2015-05-09 13:47:50,297: Closing R_to_DS Connector
2015-05-09 13:47:50,297: Closing R_to_DS Connector
2015-05-09 13:47:50,297: Closing R_to_DS Connector
2015-05-09 13:47:50,297: Closing R_to_DS Connector
2015-05-09 13:47:50,297: Closing R_to_DS Connector
2015-05-09 13:47:50,297: Closing R_to_DS Connector
2015-05-09 13:47:50,313: Closing R_to_DS Connector
2015-05-09 13:47:50,313: Closing R_to_DS Connector
2015-05-09 13:47:50,313: Closing R_to_DS Connector
2015-05-09 13:47:50,313: Closing R_to_DS Connector
2015-05-09 13:47:50,313: Closing R_to_DS Connector
2015-05-09 13:47:50,313: Closing R_to_DS Connector
2015-05-09 13:47:50,313: Closing R_to_DS Connector
2015-05-09 13:47:50,313: Closing R_to_DS Connector
2015-05-09 13:47:50,313: Closing R_to_DS Connector
2015-05-09 13:47:50,328: Closing R_to_DS Connector
2015-05-09 13:47:50,328: Closing R_to_DS Connector
2015-05-09 13:47:50,328: Closing R_to_DS Connector
2015-05-09 13:47:50,328: Closing R_to_DS Connector
2015-05-09 13:47:50,328: Closing R_to_DS Connector
2015-05-09 13:47:50,328: Closing R_to_DS Connector
2015-05-09 13:47:50,328: Closing R_to_DS Connector
2015-05-09 13:47:50,328: Closing R_to_DS Connector
2015-05-09 13:47:50,344: Closing R_to_DS Connector
2015-05-09 13:47:50,344: Closing R_to_DS Connector
2015-05-09 13:47:50,344: Closing R_to_DS Connector
2015-05-09 13:47:50,344: Closing R_to_DS Connector
2015-05-09 13:47:50,344: Closing R_to_DS Connector
2015-05-09 13:47:50,344: Closing R_to_DS Connector
2015-05-09 13:47:50,344: Closing R_to_DS Connector
2015-05-09 13:47:50,344: Closing R_to_DS Connector
2015-05-09 13:47:50,344: Closing R_to_DS Connector
2015-05-09 13:47:50,359: Closing R_to_DS Connector
2015-05-09 13:47:50,359: Closing R_to_DS Connector
2015-05-09 13:47:50,359: Closing R_to_DS Connector
2015-05-09 13:47:50,359: Closing R_to_DS Connector
2015-05-09 13:47:50,359: Closing R_to_DS Connector
2015-05-09 13:47:50,359: Closing R_to_DS Connector
2015-05-09 13:47:50,359: Closing R_to_DS Connector
2015-05-09 13:47:50,359: Closing R_to_DS Connector
2015-05-09 13:47:50,375: Closing R_to_DS Connector
2015-05-09 13:47:50,375: Closing R_to_DS Connector
2015-05-09 13:47:50,375: Closing R_to_DS Connector
2015-05-09 13:47:50,375: Closing R_to_DS Connector
2015-05-09 13:47:50,375: Closing R_to_DS Connector
2015-05-09 13:47:50,375: Closing R_to_DS Connector
2015-05-09 13:47:50,375: Closing R_to_DS Connector
2015-05-09 13:47:50,375: Closing R_to_DS Connector
2015-05-09 13:47:50,391: Closing R_to_DS Connector
2015-05-09 13:47:50,391: Closing R_to_DS Connector
2015-05-09 13:47:50,391: Closing R_to_DS Connector
2015-05-09 13:47:50,391: Closing R_to_DS Connector
2015-05-09 13:47:50,391: Closing R_to_DS Connector
2015-05-09 13:47:50,391: Closing R_to_DS Connector
2015-05-09 13:47:50,406: Closing R_to_DS Connector
2015-05-09 13:47:50,406: Closing R_to_DS Connector
2015-05-09 13:47:50,406: Closing R_to_DS Connector
2015-05-09 13:47:50,406: Closing R_to_DS Connector
2015-05-09 13:47:50,406: Closing R_to_DS Connector
2015-05-09 13:47:50,406: Closing R_to_DS Connector
2015-05-09 13:47:50,406: Closing R_to_DS Connector
2015-05-09 13:47:50,406: Closing R_to_DS Connector
2015-05-09 13:47:50,422: Closing R_to_DS Connector
2015-05-09 13:47:50,422: Closing R_to_DS Connector
2015-05-09 13:47:50,422: Closing R_to_DS Connector
2015-05-09 13:47:50,422: Closing R_to_DS Connector
2015-05-09 13:47:50,422: Closing R_to_DS Connector
2015-05-09 13:47:50,422: Closing R_to_DS Connector
2015-05-09 13:47:50,422: Closing R_to_DS Connector
2015-05-09 13:47:50,422: Closing R_to_DS Connector
2015-05-09 13:47:50,438: Closing R_to_DS Connector
2015-05-09 13:47:50,438: Closing R_to_DS Connector
2015-05-09 13:47:50,438: Closing R_to_DS Connector
2015-05-09 13:47:50,438: Closing R_to_DS Connector
2015-05-09 13:47:50,438: Closing R_to_DS Connector
2015-05-09 13:47:50,438: Closing R_to_DS Connector
2015-05-09 13:47:50,438: Closing R_to_DS Connector
2015-05-09 13:47:50,438: Closing R_to_DS Connector
2015-05-09 13:47:50,453: Closing R_to_DS Connector
2015-05-09 13:47:50,453: Closing R_to_DS Connector
2015-05-09 13:47:50,469: Closing R_to_DS Connector
2015-05-09 13:47:50,469: Closing R_to_DS Connector
2015-05-09 13:47:50,469: Closing R_to_DS Connector
2015-05-09 13:47:50,469: Closing R_to_DS Connector
2015-05-09 13:47:50,469: Closing R_to_DS Connector
2015-05-09 13:47:50,469: Closing R_to_DS Connector
2015-05-09 13:47:50,469: Closing R_to_DS Connector
2015-05-09 13:47:50,469: Closing R_to_DS Connector
2015-05-09 13:47:50,469: Closing R_to_DS Connector
2015-05-09 13:47:50,484: Closing R_to_DS Connector
2015-05-09 13:47:50,484: Closing R_to_DS Connector
2015-05-09 13:47:50,484: Closing R_to_DS Connector
2015-05-09 13:47:50,484: Closing R_to_DS Connector
2015-05-09 13:47:50,484: Closing R_to_DS Connector
2015-05-09 13:47:50,484: Closing R_to_DS Connector
2015-05-09 13:47:50,484: Closing R_to_DS Connector
2015-05-09 13:47:50,484: Closing R_to_DS Connector
2015-05-09 13:47:50,500: Closing R_to_DS Connector
2015-05-09 13:47:50,500: Closing R_to_DS Connector
2015-05-09 13:47:50,500: Closing R_to_DS Connector
2015-05-09 13:47:50,500: Closing R_to_DS Connector
2015-05-09 13:47:50,500: Closing R_to_DS Connector
2015-05-09 13:47:50,500: Closing R_to_DS Connector
2015-05-09 13:47:50,500: Closing R_to_DS Connector
2015-05-09 13:47:50,500: Closing R_to_DS Connector
2015-05-09 13:47:50,500: Closing R_to_DS Connector
2015-05-09 13:47:50,516: Closing R_to_DS Connector
2015-05-09 13:47:50,516: Closing R_to_DS Connector
2015-05-09 13:47:50,516: Closing R_to_DS Connector
2015-05-09 13:47:50,516: Closing R_to_DS Connector
2015-05-09 13:47:50,516: Closing R_to_DS Connector
2015-05-09 13:47:50,516: Closing R_to_DS Connector
2015-05-09 13:47:50,516: Closing R_to_DS Connector
2015-05-09 13:47:50,516: Closing R_to_DS Connector
2015-05-09 13:47:50,531: Closing R_to_DS Connector
2015-05-09 13:47:50,531: Closing R_to_DS Connector
2015-05-09 13:47:50,531: Closing R_to_DS Connector
2015-05-09 13:47:50,531: Closing R_to_DS Connector
2015-05-09 13:47:50,531: Closing R_to_DS Connector
2015-05-09 13:47:50,531: Closing R_to_DS Connector
2015-05-09 13:47:50,531: Closing R_to_DS Connector
2015-05-09 13:47:50,531: Closing R_to_DS Connector
2015-05-09 13:47:50,547: Closing R_to_DS Connector
2015-05-09 13:47:50,547: Closing R_to_DS Connector
2015-05-09 13:47:50,547: Closing R_to_DS Connector
2015-05-09 13:47:50,547: Closing R_to_DS Connector
2015-05-09 13:47:50,547: Closing R_to_DS Connector
2015-05-09 13:47:50,547: Closing R_to_DS Connector
2015-05-09 13:47:50,547: Closing R_to_DS Connector
2015-05-09 13:47:50,547: Closing R_to_DS Connector
2015-05-09 13:47:50,547: Closing R_to_DS Connector
2015-05-09 13:47:50,563: Closing R_to_DS Connector
2015-05-09 13:47:50,563: Closing R_to_DS Connector
2015-05-09 13:47:50,563: Closing R_to_DS Connector
2015-05-09 13:47:50,563: Closing R_to_DS Connector
2015-05-09 13:47:50,563: Closing R_to_DS Connector
2015-05-09 13:47:50,563: Closing R_to_DS Connector
2015-05-09 13:47:50,563: Closing R_to_DS Connector
2015-05-09 13:47:50,563: Closing R_to_DS Connector
2015-05-09 13:47:50,563: Closing R_to_DS Connector
2015-05-09 13:47:50,578: Closing R_to_DS Connector
2015-05-09 13:47:50,578: Closing R_to_DS Connector
2015-05-09 13:47:50,578: Closing R_to_DS Connector
2015-05-09 13:47:50,578: Closing R_to_DS Connector
2015-05-09 13:47:50,578: Closing R_to_DS Connector
2015-05-09 13:47:50,578: Closing R_to_DS Connector
2015-05-09 13:47:50,578: Closing R_to_DS Connector
2015-05-09 13:47:50,578: Closing R_to_DS Connector
2015-05-09 13:47:50,594: Closing R_to_DS Connector
2015-05-09 13:47:50,594: Closing R_to_DS Connector
2015-05-09 13:47:50,594: Closing R_to_DS Connector
2015-05-09 13:47:50,594: Closing R_to_DS Connector
2015-05-09 13:47:50,594: Closing R_to_DS Connector
2015-05-09 13:47:50,594: Closing R_to_DS Connector
2015-05-09 13:47:50,594: Closing R_to_DS Connector
2015-05-09 13:47:50,594: Closing R_to_DS Connector
2015-05-09 13:47:50,594: Closing R_to_DS Connector
2015-05-09 13:47:50,609: Closing R_to_DS Connector
2015-05-09 13:47:50,609: Closing R_to_DS Connector
2015-05-09 13:47:50,609: Closing R_to_DS Connector
2015-05-09 13:47:50,609: Closing R_to_DS Connector
2015-05-09 13:47:50,609: Closing R_to_DS Connector
2015-05-09 13:47:50,609: Closing R_to_DS Connector
2015-05-09 13:47:50,609: Closing R_to_DS Connector
2015-05-09 13:47:50,609: Closing R_to_DS Connector
2015-05-09 13:47:50,609: Closing R_to_DS Connector
2015-05-09 13:47:50,625: Closing R_to_DS Connector
2015-05-09 13:47:50,625: Closing R_to_DS Connector
2015-05-09 13:47:50,625: Closing R_to_DS Connector
2015-05-09 13:47:50,625: Closing R_to_DS Connector
2015-05-09 13:47:50,625: Closing R_to_DS Connector
2015-05-09 13:47:50,625: Closing R_to_DS Connector
2015-05-09 13:47:50,625: Closing R_to_DS Connector
2015-05-09 13:47:50,625: Closing R_to_DS Connector
2015-05-09 13:47:50,625: Closing R_to_DS Connector
2015-05-09 13:47:50,641: Closing R_to_DS Connector
2015-05-09 13:47:50,641: Closing R_to_DS Connector
2015-05-09 13:47:50,641: Closing R_to_DS Connector
2015-05-09 13:47:50,641: Closing R_to_DS Connector
2015-05-09 13:47:50,641: Closing R_to_DS Connector
2015-05-09 13:47:50,641: Closing R_to_DS Connector
2015-05-09 13:47:50,641: Closing R_to_DS Connector
2015-05-09 13:47:50,641: Closing R_to_DS Connector
2015-05-09 13:47:50,641: Closing R_to_DS Connector
2015-05-09 13:47:50,656: Closing R_to_DS Connector
2015-05-09 13:47:50,656: Closing R_to_DS Connector
2015-05-09 13:47:50,656: Closing R_to_DS Connector
2015-05-09 13:47:50,656: Closing R_to_DS Connector
2015-05-09 13:47:50,656: Closing R_to_DS Connector
2015-05-09 13:47:50,656: Closing R_to_DS Connector
2015-05-09 13:47:50,656: Closing R_to_DS Connector
2015-05-09 13:47:50,656: Closing R_to_DS Connector
2015-05-09 13:47:50,672: Closing R_to_DS Connector
2015-05-09 13:47:50,672: Closing R_to_DS Connector
2015-05-09 13:47:50,672: Closing R_to_DS Connector
2015-05-09 13:47:50,672: Closing R_to_DS Connector
2015-05-09 13:47:50,672: Closing R_to_DS Connector
2015-05-09 13:47:50,672: Closing R_to_DS Connector
2015-05-09 13:47:50,672: Closing R_to_DS Connector
2015-05-09 13:47:50,672: Closing R_to_DS Connector
2015-05-09 13:47:50,672: Closing R_to_DS Connector
2015-05-09 13:47:50,688: Closing R_to_DS Connector
2015-05-09 13:47:50,688: Closing R_to_DS Connector
2015-05-09 13:47:50,688: Closing R_to_DS Connector
2015-05-09 13:47:50,688: Closing R_to_DS Connector
2015-05-09 13:47:50,688: Closing R_to_DS Connector
2015-05-09 13:47:50,688: Closing R_to_DS Connector
2015-05-09 13:47:50,688: Closing R_to_DS Connector
2015-05-09 13:47:50,688: Closing R_to_DS Connector
2015-05-09 13:47:50,688: Closing R_to_DS Connector
2015-05-09 13:47:50,703: Closing R_to_DS Connector
2015-05-09 13:47:50,703: Closing R_to_DS Connector
2015-05-09 13:47:50,703: Closing R_to_DS Connector
2015-05-09 13:47:50,703: Closing R_to_DS Connector
2015-05-09 13:47:50,703: Closing R_to_DS Connector
2015-05-09 13:47:50,703: Closing R_to_DS Connector
2015-05-09 13:47:50,703: Closing R_to_DS Connector
2015-05-09 13:47:50,703: Closing R_to_DS Connector
2015-05-09 13:47:50,703: Closing R_to_DS Connector
2015-05-09 13:47:50,719: Closing R_to_DS Connector
2015-05-09 13:47:50,719: Closing R_to_DS Connector
2015-05-09 13:47:50,719: Closing R_to_DS Connector
2015-05-09 13:47:50,719: Closing R_to_DS Connector
2015-05-09 13:47:50,719: Closing R_to_DS Connector
2015-05-09 13:47:50,719: Closing R_to_DS Connector
2015-05-09 13:47:50,734: Closing R_to_DS Connector
2015-05-09 13:47:50,766: Closing R_to_DS Connector
2015-05-09 13:47:50,766: Closing R_to_DS Connector
2015-05-09 13:47:50,766: Closing R_to_DS Connector
2015-05-09 13:47:50,766: Closing R_to_DS Connector
2015-05-09 13:47:50,781: Closing R_to_DS Connector
2015-05-09 13:47:50,781: Closing R_to_DS Connector
2015-05-09 13:47:50,781: Closing R_to_DS Connector
2015-05-09 13:47:50,781: Closing R_to_DS Connector
2015-05-09 13:47:50,781: Closing R_to_DS Connector
2015-05-09 13:47:50,781: Closing R_to_DS Connector
2015-05-09 13:47:50,781: Closing R_to_DS Connector
2015-05-09 13:47:50,781: Closing R_to_DS Connector
2015-05-09 13:47:50,797: Closing R_to_DS Connector
2015-05-09 13:47:50,797: Closing R_to_DS Connector
2015-05-09 13:47:50,797: Closing R_to_DS Connector
2015-05-09 13:47:50,797: Closing R_to_DS Connector
2015-05-09 13:47:50,797: Closing R_to_DS Connector
2015-05-09 13:47:50,797: Closing R_to_DS Connector
2015-05-09 13:47:50,797: Closing R_to_DS Connector
2015-05-09 13:47:50,797: Closing R_to_DS Connector
2015-05-09 13:47:50,813: Closing R_to_DS Connector
2015-05-09 13:47:50,813: Closing R_to_DS Connector
2015-05-09 13:47:50,813: Closing R_to_DS Connector
2015-05-09 13:47:50,813: Closing R_to_DS Connector
2015-05-09 13:47:50,813: Closing R_to_DS Connector
2015-05-09 13:47:50,813: Closing R_to_DS Connector
2015-05-09 13:47:50,813: Closing R_to_DS Connector
2015-05-09 13:47:50,813: Closing R_to_DS Connector
2015-05-09 13:47:50,813: Closing R_to_DS Connector
2015-05-09 13:47:50,828: Closing R_to_DS Connector
2015-05-09 13:47:50,828: Closing R_to_DS Connector
2015-05-09 13:47:50,828: Closing R_to_DS Connector
2015-05-09 13:47:50,828: Closing R_to_DS Connector
2015-05-09 13:47:50,828: Closing R_to_DS Connector
2015-05-09 13:47:50,828: Closing R_to_DS Connector
2015-05-09 13:47:50,844: Closing R_to_DS Connector
2015-05-09 13:47:50,844: Closing R_to_DS Connector
2015-05-09 13:47:50,844: Closing R_to_DS Connector
2015-05-09 13:47:50,844: Closing R_to_DS Connector
2015-05-09 13:47:50,844: Closing R_to_DS Connector
2015-05-09 13:47:50,844: Closing R_to_DS Connector
2015-05-09 13:47:50,844: Closing R_to_DS Connector
2015-05-09 13:47:50,844: Closing R_to_DS Connector
2015-05-09 13:47:50,844: Closing R_to_DS Connector
2015-05-09 13:47:50,859: Closing R_to_DS Connector
2015-05-09 13:47:50,859: Closing R_to_DS Connector
2015-05-09 13:47:50,859: Closing R_to_DS Connector
2015-05-09 13:47:50,859: Closing R_to_DS Connector
2015-05-09 13:47:50,859: Closing R_to_DS Connector
2015-05-09 13:47:50,859: Closing R_to_DS Connector
2015-05-09 13:47:50,859: Closing R_to_DS Connector
2015-05-09 13:47:50,859: Closing R_to_DS Connector
2015-05-09 13:47:50,875: Closing R_to_DS Connector
2015-05-09 13:47:50,875: Closing R_to_DS Connector
2015-05-09 13:47:50,875: Closing R_to_DS Connector
2015-05-09 13:47:50,875: Closing R_to_DS Connector
2015-05-09 13:47:50,875: Closing R_to_DS Connector
2015-05-09 13:47:50,875: Closing R_to_DS Connector
2015-05-09 13:47:50,875: Closing R_to_DS Connector
2015-05-09 13:47:50,875: Closing R_to_DS Connector
2015-05-09 13:47:50,875: Closing R_to_DS Connector
2015-05-09 13:47:50,891: Closing R_to_DS Connector
2015-05-09 13:47:50,891: Closing R_to_DS Connector
2015-05-09 13:47:50,891: Closing R_to_DS Connector
2015-05-09 13:47:50,891: Closing R_to_DS Connector
2015-05-09 13:47:50,891: Closing R_to_DS Connector
2015-05-09 13:47:50,891: Closing R_to_DS Connector
2015-05-09 13:47:50,891: Closing R_to_DS Connector
2015-05-09 13:47:50,891: Closing R_to_DS Connector
2015-05-09 13:47:50,891: Closing R_to_DS Connector
2015-05-09 13:48:12,813: Connecting to R_to_DS...
2015-05-09 13:50:04,180: Connecting to MGui_to_M...
2015-05-09 13:50:04,273: Connecting to MGui_to_DS...
2015-05-09 13:50:18,531: Connecting to R_to_DS...
2015-05-09 13:52:59,035: Closing MGui_to_M Connector
2015-05-09 13:53:35,522: Connecting to MGui_to_M...
2015-05-09 13:53:35,600: Connecting to MGui_to_DS...
2015-05-09 13:54:55,630: Connecting to MGui_to_M...
2015-05-09 13:54:55,693: Connecting to MGui_to_DS...
2015-05-09 13:55:21,585: Closing MGui_to_M Connector
2015-05-09 13:55:34,429: Connecting to MGui_to_M...
2015-05-09 13:55:34,507: Closing MGui_to_M Connector
2015-05-09 13:55:35,507: Connecting to MGui_to_DS...
2015-05-09 13:55:42,868: Connecting to MGui_to_M...
2015-05-09 13:55:42,930: Connecting to MGui_to_DS...
2015-05-09 13:58:18,203: Closing MGui_to_M Connector
2015-05-09 13:58:37,689: Connecting to MGui_to_M...
2015-05-09 13:58:37,767: Connecting to MGui_to_DS...
2015-05-09 13:59:20,476: Closing MGui_to_M Connector
2015-05-09 13:59:51,996: Connecting to MGui_to_M...
2015-05-09 13:59:52,075: Connecting to MGui_to_DS...
2015-05-09 14:53:41,217: Connecting to R_to_DS...
2015-05-09 14:54:46,589: Connecting to R_to_DS...
2015-05-09 15:03:19,517: Connecting to R_to_DS...
2015-05-09 15:04:24,051: Connecting to R_to_DS...
2015-05-09 15:05:47,428: Connecting to R_to_DS...
2015-05-09 15:05:47,491: Closing R_to_DS Connector
2015-05-09 15:06:05,971: Connecting to R_to_DS...
2015-05-09 15:07:29,240: Connecting to R_to_DS...
2015-05-09 15:09:02,322: Connecting to R_to_DS...
2015-05-09 15:10:01,217: Connecting to R_to_DS...
2015-05-09 15:10:01,467: Closing R_to_DS Connector
2015-05-09 15:10:01,467: Closing R_to_DS Connector
2015-05-09 15:11:55,411: Connecting to R_to_DS...
2015-05-09 15:18:33,393: Connecting to R_to_DS...
2015-05-09 15:19:17,733: Connecting to R_to_DS...
2015-05-09 15:19:47,300: Connecting to R_to_DS...
2015-05-09 15:20:05,201: Connecting to R_to_DS...
2015-05-09 15:21:12,881: Connecting to R_to_DS...
2015-05-09 15:21:12,974: Closing R_to_DS Connector
2015-05-09 15:21:30,773: Connecting to R_to_DS...
2015-05-09 15:22:05,005: Connecting to R_to_DS...
2015-05-09 15:23:33,401: Connecting to R_to_DS...
2015-05-09 15:24:11,121: Connecting to R_to_DS...
2015-05-09 15:24:57,955: Connecting to R_to_DS...
2015-05-09 15:25:45,602: Connecting to R_to_DS...
2015-05-09 15:26:18,371: Connecting to R_to_DS...
2015-05-09 15:26:29,117: Connecting to R_to_DS...
2015-05-09 15:27:00,793: Connecting to R_to_DS...
2015-05-09 15:28:33,066: Connecting to R_to_DS...
2015-05-09 15:29:15,329: Connecting to R_to_DS...
2015-05-09 15:30:16,664: Connecting to R_to_DS...
2015-05-09 15:33:15,464: Connecting to R_to_DS...
2015-05-09 15:39:55,635: Connecting to R_to_DS...
2015-05-09 15:40:55,791: Connecting to R_to_DS...
2015-05-09 15:41:40,271: Connecting to R_to_DS...
2015-05-09 15:42:28,728: Connecting to R_to_DS...
2015-05-09 15:43:38,657: Connecting to R_to_DS...
2015-05-09 15:44:52,063: Connecting to R_to_DS...
2015-05-09 15:45:39,856: Connecting to R_to_DS...
2015-05-09 15:45:40,106: Closing R_to_DS Connector
2015-05-09 15:45:40,106: Closing R_to_DS Connector
2015-05-09 15:45:49,750: Connecting to R_to_DS...
2015-05-09 15:46:40,799: Connecting to R_to_DS...
2015-05-09 15:50:22,414: Connecting to R_to_DS...
2015-05-09 15:51:15,723: Connecting to R_to_DS...
2015-05-09 15:52:51,052: Connecting to R_to_DS...
2015-05-09 16:00:45,510: Connecting to R_to_DS...
2015-05-09 16:01:16,627: Connecting to R_to_DS...
2015-05-09 16:01:34,482: Connecting to R_to_DS...
2015-05-09 16:02:26,599: Connecting to R_to_DS...
2015-05-09 16:03:00,175: Connecting to R_to_DS...
2015-05-09 16:03:26,143: Connecting to R_to_DS...
2015-05-09 16:03:59,901: Connecting to R_to_DS...
2015-05-09 16:05:05,208: Connecting to R_to_DS...
2015-05-09 16:05:47,412: Connecting to R_to_DS...
2015-05-09 16:07:42,806: Connecting to R_to_DS...
2015-05-09 16:08:45,070: Connecting to R_to_DS...
2015-05-09 16:09:47,459: Connecting to R_to_DS...
2015-05-09 16:10:39,502: Connecting to R_to_DS...
2015-05-09 16:12:19,538: Connecting to R_to_DS...
2015-05-09 16:12:44,195: Connecting to R_to_DS...
2015-05-09 16:32:01,166: Connecting to R_to_DS...
